<?xml version="1.0" encoding="UTF-8"?>
<!-- Generated by org.testng.reporters.JUnitXMLReporter -->
<testsuite ignored="2" hostname="DESKTOP-F8PE7CG" failures="1" tests="2" name="TestGroups" time="0.04" errors="0" timestamp="2020-05-29T13:56:12 EDT">
  <testcase classname="com.TestNG__class03__Groups__DataProvider.GroupsDemo" name="test2" time="0.007">
    <failure type="java.lang.AssertionError" message="The following asserts failed:
	expected [true] but found [false]">
      <![CDATA[java.lang.AssertionError: The following asserts failed:
expected [true] but found [false]
at com.TestNG__class03__Groups__DataProvider.GroupsDemo.test2(GroupsDemo.java:46)
at java.base/java.util.ArrayList.forEach(ArrayList.java:1507)
... Removed 29 stack frames]]>
    </failure>
  </testcase> <!-- test2 -->
  <testcase classname="com.TestNG__class03__Groups__DataProvider.GroupsDemo" name="test4" time="0.001"/>
  <testcase classname="com.TestNG__class03__Groups__DataProvider.GroupsDemo" name="test1" time="0.0">
    <ignored/>
  </testcase> <!-- test1 -->
  <testcase classname="com.TestNG__class03__Groups__DataProvider.GroupsDemo" name="test3" time="0.0">
    <ignored/>
  </testcase> <!-- test3 -->
</testsuite> <!-- TestGroups -->
